[01m[K/home/jose/ws/ros2/src/ros2_babysteps/br2_basics/src/logger.cpp:4:5:[m[K [01;35m[Kwarning: [m[Ksecond argument of â€˜[01m[Kint main(int, char*)[m[Kâ€™ should be â€˜[01m[Kchar **[m[Kâ€™ [[01;35m[K-Wmain[m[K]
    4 | int [01;35m[Kmain[m[K(int argc, char* argv){
      |     [01;35m[K^~~~[m[K
[01m[K/home/jose/ws/ros2/src/ros2_babysteps/br2_basics/src/logger.cpp:[m[K In function â€˜[01m[Kint main(int, char*)[m[Kâ€™:
[01m[K/home/jose/ws/ros2/src/ros2_babysteps/br2_basics/src/logger.cpp:7:28:[m[K [01;31m[Kerror: [m[Kunable to find numeric literal operator â€˜[01m[Koperator""ms[m[Kâ€™
    7 |     rclcpp::Rate loop_rate([01;31m[K500ms[m[K);
      |                            [01;31m[K^~~~~[m[K
[01m[K/home/jose/ws/ros2/src/ros2_babysteps/br2_basics/src/logger.cpp:4:14:[m[K [01;35m[Kwarning: [m[Kunused parameter â€˜[01m[Kargc[m[Kâ€™ [[01;35m[K-Wunused-parameter[m[K]
    4 | int main([01;35m[Kint argc[m[K, char* argv){
      |          [01;35m[K~~~~^~~~[m[K
[01m[K/home/jose/ws/ros2/src/ros2_babysteps/br2_basics/src/logger.cpp:4:26:[m[K [01;35m[Kwarning: [m[Kunused parameter â€˜[01m[Kargv[m[Kâ€™ [[01;35m[K-Wunused-parameter[m[K]
    4 | int main(int argc, [01;35m[Kchar* argv[m[K){
      |                    [01;35m[K~~~~~~^~~~[m[K
make[2]: *** [CMakeFiles/logger.dir/build.make:63: CMakeFiles/logger.dir/src/logger.cpp.o] Error 1
make[1]: *** [CMakeFiles/Makefile2:78: CMakeFiles/logger.dir/all] Error 2
make: *** [Makefile:141: all] Error 2
