[01m[K/home/jose/ws/ros2/src/ros2_babysteps/br2_basics/src/logger.cpp:1:10:[m[K [01;31m[Kfatal error: [m[Krclcpp/rclpp.hpp: No such file or directory
    1 | #include [01;31m[K<rclcpp/rclpp.hpp>[m[K
      |          [01;31m[K^~~~~~~~~~~~~~~~~~[m[K
compilation terminated.
make[2]: *** [CMakeFiles/logger.dir/build.make:63: CMakeFiles/logger.dir/src/logger.cpp.o] Error 1
make[1]: *** [CMakeFiles/Makefile2:78: CMakeFiles/logger.dir/all] Error 2
make: *** [Makefile:141: all] Error 2
