[0.126s] Invoking command in '/home/jose/ws/ros2/src/ros2_babysteps/build/br2_basics': CMAKE_PREFIX_PATH=${CMAKE_PREFIX_PATH}:/opt/ros/foxy /usr/bin/cmake /home/jose/ws/ros2/src/ros2_babysteps/br2_basics -DCMAKE_INSTALL_PREFIX=/home/jose/ws/ros2/src/ros2_babysteps/install/br2_basics
[0.173s] -- Found ament_cmake: 0.9.11 (/opt/ros/foxy/share/ament_cmake/cmake)
[0.248s] -- Using PYTHON_EXECUTABLE: /usr/bin/python3
[0.904s] -- Found rclcpp: 2.4.2 (/opt/ros/foxy/share/rclcpp/cmake)
[1.682s] -- Using all available rosidl_typesupport_c: rosidl_typesupport_fastrtps_c;rosidl_typesupport_introspection_c
[1.690s] -- Found rosidl_adapter: 1.3.0 (/opt/ros/foxy/share/rosidl_adapter/cmake)
[29.684s] -- Using all available rosidl_typesupport_cpp: rosidl_typesupport_fastrtps_cpp;rosidl_typesupport_introspection_cpp
[29.799s] -- Found rmw_implementation_cmake: 1.0.3 (/opt/ros/foxy/share/rmw_implementation_cmake/cmake)
[29.803s] -- Using RMW implementation 'rmw_fastrtps_cpp' as default
[30.104s] -- Found rclpy: 1.0.11 (/opt/ros/foxy/share/rclpy/cmake)
[30.107s] -- Found ament_lint_auto: 0.9.7 (/opt/ros/foxy/share/ament_lint_auto/cmake)
[30.257s] -- Added test 'copyright' to check source files copyright and LICENSE
[30.261s] -- Added test 'cppcheck' to perform static code analysis on C / C++ code
[30.262s] -- Configured cppcheck include dirs: 
[30.262s] -- Configured cppcheck exclude dirs and/or files: 
[30.264s] -- Added test 'cpplint' to check C / C++ code against the Google style
[30.265s] -- Configured cpplint exclude dirs and/or files: 
[30.266s] -- Added test 'flake8' to check Python code syntax and style conventions
[30.267s] -- Added test 'lint_cmake' to check CMake code style
[30.268s] -- Added test 'pep257' to check Python code against some of the style conventions in PEP 257
[30.270s] -- Added test 'uncrustify' to check C / C++ code style
[30.270s] -- Configured uncrustify additional arguments: 
[30.271s] -- Added test 'xmllint' to check XML markup files
[30.278s] -- Configuring done
[30.297s] -- Generating done
[30.300s] -- Build files have been written to: /home/jose/ws/ros2/src/ros2_babysteps/build/br2_basics
[30.317s] Invoked command in '/home/jose/ws/ros2/src/ros2_babysteps/build/br2_basics' returned '0': CMAKE_PREFIX_PATH=${CMAKE_PREFIX_PATH}:/opt/ros/foxy /usr/bin/cmake /home/jose/ws/ros2/src/ros2_babysteps/br2_basics -DCMAKE_INSTALL_PREFIX=/home/jose/ws/ros2/src/ros2_babysteps/install/br2_basics
[30.324s] Invoking command in '/home/jose/ws/ros2/src/ros2_babysteps/build/br2_basics': CMAKE_PREFIX_PATH=${CMAKE_PREFIX_PATH}:/opt/ros/foxy /usr/bin/cmake --build /home/jose/ws/ros2/src/ros2_babysteps/build/br2_basics -- -j8 -l8
[30.401s] [35m[1mScanning dependencies of target logger[0m
[30.423s] [ 50%] [32mBuilding CXX object CMakeFiles/logger.dir/src/logger.cpp.o[0m
[30.442s] [01m[K/home/jose/ws/ros2/src/ros2_babysteps/br2_basics/src/logger.cpp:1:10:[m[K [01;31m[Kfatal error: [m[Krclcpp/rclpp.hpp: No such file or directory
[30.442s]     1 | #include [01;31m[K<rclcpp/rclpp.hpp>[m[K
[30.442s]       |          [01;31m[K^~~~~~~~~~~~~~~~~~[m[K
[30.442s] compilation terminated.
[30.444s] make[2]: *** [CMakeFiles/logger.dir/build.make:63: CMakeFiles/logger.dir/src/logger.cpp.o] Error 1
[30.445s] make[1]: *** [CMakeFiles/Makefile2:78: CMakeFiles/logger.dir/all] Error 2
[30.445s] make: *** [Makefile:141: all] Error 2
[30.457s] Invoked command in '/home/jose/ws/ros2/src/ros2_babysteps/build/br2_basics' returned '2': CMAKE_PREFIX_PATH=${CMAKE_PREFIX_PATH}:/opt/ros/foxy /usr/bin/cmake --build /home/jose/ws/ros2/src/ros2_babysteps/build/br2_basics -- -j8 -l8
