[0.115s] Invoking command in '/home/jose/ws/ros2/src/ros2_babysteps/build/br2_basics': CMAKE_PREFIX_PATH=${CMAKE_PREFIX_PATH}:/opt/ros/foxy /usr/bin/cmake --build /home/jose/ws/ros2/src/ros2_babysteps/build/br2_basics -- -j8 -l8
[0.203s] [35m[1mScanning dependencies of target logger[0m
[0.260s] [ 50%] [32mBuilding CXX object CMakeFiles/logger.dir/src/logger.cpp.o[0m
[3.118s] [01m[K/home/jose/ws/ros2/src/ros2_babysteps/br2_basics/src/logger.cpp:[m[K In function â€˜[01m[Kint main(int, char**)[m[Kâ€™:
[3.119s] [01m[K/home/jose/ws/ros2/src/ros2_babysteps/br2_basics/src/logger.cpp:7:28:[m[K [01;31m[Kerror: [m[Kunable to find numeric literal operator â€˜[01m[Koperator""ms[m[Kâ€™
[3.119s]     7 |     rclcpp::Rate loop_rate([01;31m[K500ms[m[K);
[3.119s]       |                            [01;31m[K^~~~~[m[K
[3.121s] [01m[K/home/jose/ws/ros2/src/ros2_babysteps/br2_basics/src/logger.cpp:4:14:[m[K [01;35m[Kwarning: [m[Kunused parameter â€˜[01m[Kargc[m[Kâ€™ [[01;35m[K-Wunused-parameter[m[K]
[3.121s]     4 | int main([01;35m[Kint argc[m[K, char** argv){
[3.122s]       |          [01;35m[K~~~~^~~~[m[K
[3.122s] [01m[K/home/jose/ws/ros2/src/ros2_babysteps/br2_basics/src/logger.cpp:4:27:[m[K [01;35m[Kwarning: [m[Kunused parameter â€˜[01m[Kargv[m[Kâ€™ [[01;35m[K-Wunused-parameter[m[K]
[3.122s]     4 | int main(int argc, [01;35m[Kchar** argv[m[K){
[3.122s]       |                    [01;35m[K~~~~~~~^~~~[m[K
[3.987s] make[2]: *** [CMakeFiles/logger.dir/build.make:63: CMakeFiles/logger.dir/src/logger.cpp.o] Error 1
[3.988s] make[1]: *** [CMakeFiles/Makefile2:78: CMakeFiles/logger.dir/all] Error 2
[3.988s] make: *** [Makefile:141: all] Error 2
[3.998s] Invoked command in '/home/jose/ws/ros2/src/ros2_babysteps/build/br2_basics' returned '2': CMAKE_PREFIX_PATH=${CMAKE_PREFIX_PATH}:/opt/ros/foxy /usr/bin/cmake --build /home/jose/ws/ros2/src/ros2_babysteps/build/br2_basics -- -j8 -l8
